********************************************************************************
DUPLICATOR-LITE PACKAGE-LOG: 5 October 2022 9h01
NOTICE: Do NOT post to public sites or forums 
********************************************************************************
VERSION:	1.5.0
WORDPRESS:	6.0.2
PHP INFO:	8.1.4 | SAPI: apache2handler
SERVER:		Apache/2.4.52 (Win64) OpenSSL/1.1.1m PHP/8.1.4 
PHP TIME LIMIT: (0) no time limit imposed 
PHP MAX MEMORY: 4294967296 (128M default) 
MEMORY STACK: 68MB

********************************************************************************
DATABASE:
********************************************************************************
BUILD MODE:   MYSQLDUMP
MYSQLTIMEOUT: 5000
MYSQLDUMP:    Is Supported
MYSQL DUMP ERROR 2

==================================================================================
DUPLICATOR ERROR
Please try again! If the error persists see the Duplicator 'Help' menu.
---------------------------------------------------------------------------------
MESSAGE:
	Shell mysql dump error. Change SQL Mode to the "PHP Code" in the Duplicator > Settings > Packages.
TRACE:
	 1. class.pack.database.php : error (594)
	 2. class.pack.database.php : mysqlDump (220)
	 3. class.pack.php : build (1366)
	 4. ctrl.package.php : runZipBuild (89)
	 5. class-wp-hook.php : duplicator_package_build (307)
	 6. class-wp-hook.php : apply_filters (331)
	 7. plugin.php : do_action (476)
	 8. admin-ajax.php : do_action (187)
==================================================================================


==================================================================================
DUPLICATOR ERROR
Please try again! If the error persists see the Duplicator 'Help' menu.
---------------------------------------------------------------------------------
MESSAGE:
	Runtime error in DUP_Database::Build. Shell mysql dump error. Change SQL Mode to the "PHP Code" in the Duplicator > Settings > Packages.
DETAILS:
	Exception: Exception: Shell mysql dump error. Change SQL Mode to the "PHP Code" in the Duplicator > Settings > Packages. in C:\xampp\htdocs\mysite\wp-content\plugins\duplicator\classes\class.logging.php:300
Stack trace:
#0 C:\xampp\htdocs\mysite\wp-content\plugins\duplicator\classes\package\class.pack.database.php(594): DUP_Log::error('Shell mysql dum...', '', 1)
#1 C:\xampp\htdocs\mysite\wp-content\plugins\duplicator\classes\package\class.pack.database.php(220): DUP_Database->mysqlDump('mysqldump.exe')
#2 C:\xampp\htdocs\mysite\wp-content\plugins\duplicator\classes\package\class.pack.php(1366): DUP_Database->build(Object(DUP_Package), 1)
#3 C:\xampp\htdocs\mysite\wp-content\plugins\duplicator\ctrls\ctrl.package.php(89): DUP_Package->runZipBuild()
#4 C:\xampp\htdocs\mysite\wp-includes\class-wp-hook.php(307): duplicator_package_build('')
#5 C:\xampp\htdocs\mysite\wp-includes\class-wp-hook.php(331): WP_Hook->apply_filters('', Array)
#6 C:\xampp\htdocs\mysite\wp-includes\plugin.php(476): WP_Hook->do_action(Array)
#7 C:\xampp\htdocs\mysite\wp-admin\admin-ajax.php(187): do_action('wp_ajax_duplica...')
#8 {main}
TRACE:
	 1. class.pack.database.php : error (250)
	 2. class.pack.php : build (1366)
	 3. ctrl.package.php : runZipBuild (89)
	 4. class-wp-hook.php : duplicator_package_build (307)
	 5. class-wp-hook.php : apply_filters (331)
	 6. plugin.php : do_action (476)
	 7. admin-ajax.php : do_action (187)
==================================================================================

